INFO:__main__:создан проект с уровнем пользователя: 3, время создания: 2023-09-03 11:00:39.686219
INFO:__main__:создан проект с уровнем пользователя: 5, время создания: 2023-09-03 11:00:44.322684
INFO:__main__:создан пользователь: name: trolya, id: 56, level: 6, время создания: 2023-09-03 11:00:44.322684
INFO:__main__:пользователь: name: trolya, id: 56, level: 6 добавлен в проект, время добавления: 2023-09-03 11:00:44.322684
INFO:__main__:создан проект с уровнем пользователя: 8, время создания: 2023-09-03 11:00:53.933296
INFO:__main__:пользователь: ivan зашел в проект, время авторизации: 2023-09-03 11:00:53.933296
INFO:__main__:создан проект с уровнем пользователя: 3, время создания: 2023-09-03 11:00:59.942067
INFO:__main__:создан проект с уровнем пользователя: 3, время создания: 2023-09-03 11:07:28.672747
INFO:__main__:пользователь: ivan зашел в проект, время авторизации: 2023-09-03 11:07:28.673746
INFO:__main__:создан проект с уровнем пользователя: 8, время создания: 2023-09-03 11:07:32.682966
CRITICAL:__main__:ошибка командной строки: name 'ep' is not defined, время запуска 2023-09-03 11:07:32.682966
INFO:__main__:создан проект с уровнем пользователя: 8, время создания: 2023-09-03 11:08:37.572235
CRITICAL:__main__:ошибка командной строки: name 'ep' is not defined, время запуска 2023-09-03 11:08:37.572235
INFO:__main__:создан проект с уровнем пользователя: 8, время создания: 2023-09-03 11:10:18.410622
ERROR:__main__:ошибка проекта: пользователь ivan не может зайти в проект: низкий уровень доступа (6), время запуска 2023-09-03 11:10:18.410622
INFO:__main__:пользователь: ivan зашел в проект, время авторизации: 2023-09-03 11:10:18.411619
INFO:__main__:создан проект с уровнем пользователя: 5, время создания: 2023-09-03 11:10:28.441561
INFO:__main__:создан пользователь: name: trolya, id: 56, level: 6, время создания: 2023-09-03 11:10:28.441561
INFO:__main__:пользователь: name: trolya, id: 56, level: 6 добавлен в проект, время добавления: 2023-09-03 11:10:28.441561
INFO:__main__:создан проект с уровнем пользователя: 8, время создания: 2023-09-03 11:10:34.863027
ERROR:__main__:ошибка проекта: пользователь "macya, id: 85" не может зайти в проект: нет списке группы проекта, время запуска 2023-09-03 11:10:34.864066
INFO:__main__:пользователь: macya зашел в проект, время авторизации: 2023-09-03 11:10:34.864066
